app/build/intermediates/manifest_merge_blame_file/release/manifest-merger-blame-release-report.txt
1<?xml version="1.0" encoding="utf-8"?>
2<manifest xmlns:android="http://schemas.android.com/apk/res/android"
3    package="com.network.fiesta"
4    android:versionCode="2"
5    android:versionName="1.1" >
6
7    <uses-sdk
8        android:minSdkVersion="21"
8-->src\main\AndroidManifest.xml
9        android:targetSdkVersion="29" />
9-->src\main\AndroidManifest.xml
10    <!--
11         The ACCESS_COARSE/FINE_LOCATION permissions are not required to use
12         Google Maps Android API v2, but you must specify either coarse or fine
13         location permissions for the 'MyLocation' functionality.
14    -->
15    <uses-permission android:name="android.permission.WRITE_EXTERNAL_STORAGE" />
15-->src\main\AndroidManifest.xml:9:5-80
15-->src\main\AndroidManifest.xml:9:22-78
16    <uses-permission android:name="android.permission.ACCESS_FINE_LOCATION" />
16-->src\main\AndroidManifest.xml:10:5-79
16-->src\main\AndroidManifest.xml:10:22-76
17    <uses-permission android:name="android.permission.ACCESS_COARSE_LOCATION" />
17-->src\main\AndroidManifest.xml:11:5-81
17-->src\main\AndroidManifest.xml:11:22-78
18    <uses-permission android:name="android.permission.INTERNET" />
18-->src\main\AndroidManifest.xml:12:5-67
18-->src\main\AndroidManifest.xml:12:22-64
19    <uses-permission android:name="android.permission.CAMERA" />
19-->src\main\AndroidManifest.xml:13:5-65
19-->src\main\AndroidManifest.xml:13:22-62
20    <uses-permission android:name="android.permission.ACCESS_WIFI_STATE" /> <!-- Include required permissions for Google Maps API to run. -->
20-->[com.google.android.libraries.places:places:2.4.0] AndroidManifest.xml:10:5-76
20-->[com.google.android.libraries.places:places:2.4.0] AndroidManifest.xml:10:22-73
21    <uses-permission android:name="android.permission.ACCESS_NETWORK_STATE" />
21-->[com.google.android.gms:play-services-maps:17.0.0] AndroidManifest.xml:23:5-79
21-->[com.google.android.gms:play-services-maps:17.0.0] AndroidManifest.xml:23:22-76
22
23    <uses-feature
23-->[com.google.android.gms:play-services-maps:17.0.0] AndroidManifest.xml:26:5-28:35
24        android:glEsVersion="0x00020000"
24-->[com.google.android.gms:play-services-maps:17.0.0] AndroidManifest.xml:27:9-41
25        android:required="true" />
25-->[com.google.android.gms:play-services-maps:17.0.0] AndroidManifest.xml:28:9-32
26
27    <uses-permission android:name="android.permission.WAKE_LOCK" />
27-->[com.google.android.gms:play-services-measurement:17.4.0] AndroidManifest.xml:25:5-68
27-->[com.google.android.gms:play-services-measurement:17.4.0] AndroidManifest.xml:25:22-65
28    <uses-permission android:name="com.google.android.finsky.permission.BIND_GET_INSTALL_REFERRER_SERVICE" /> <!-- Required by older versions of Google Play services to create IID tokens -->
28-->[com.google.android.gms:play-services-measurement:17.4.0] AndroidManifest.xml:26:5-110
28-->[com.google.android.gms:play-services-measurement:17.4.0] AndroidManifest.xml:26:22-107
29    <uses-permission android:name="com.google.android.c2dm.permission.RECEIVE" />
29-->[com.google.firebase:firebase-iid:21.0.0] AndroidManifest.xml:26:5-82
29-->[com.google.firebase:firebase-iid:21.0.0] AndroidManifest.xml:26:22-79
30
31    <application
31-->src\main\AndroidManifest.xml:16:5-162:19
32        android:allowBackup="true"
32-->src\main\AndroidManifest.xml:17:9-35
33        android:appComponentFactory="androidx.core.app.CoreComponentFactory"
33-->[androidx.core:core:1.2.0] AndroidManifest.xml:24:18-86
34        android:hardwareAccelerated="true"
34-->src\main\AndroidManifest.xml:18:9-43
35        android:icon="@mipmap/ic_launcher"
35-->src\main\AndroidManifest.xml:19:9-43
36        android:label="@string/app_name"
36-->src\main\AndroidManifest.xml:20:9-41
37        android:largeHeap="true"
37-->src\main\AndroidManifest.xml:21:9-33
38        android:networkSecurityConfig="@xml/network_config"
38-->src\main\AndroidManifest.xml:22:9-60
39        android:roundIcon="@mipmap/ic_launcher_round"
39-->src\main\AndroidManifest.xml:23:9-54
40        android:supportsRtl="true"
40-->src\main\AndroidManifest.xml:24:9-35
41        android:theme="@style/AppTheme" >
41-->src\main\AndroidManifest.xml:25:9-40
42
43        <!--
44             The API key for Google Maps-based APIs is defined as a string resource.
45             (See the file "res/values/google_maps_api.xml").
46             Note that the API key is linked to the encryption key used to sign the APK.
47             You need a different API key for each encryption key, including the release key that is used to
48             sign the APK for publishing.
49             You can define the keys for the debug and release targets in src/debug/ and src/release/.
50        -->
51
52        <meta-data
52-->src\main\AndroidManifest.xml:35:9-37:55
53            android:name="com.google.android.geo.API_KEY"
53-->src\main\AndroidManifest.xml:36:13-58
54            android:value="@string/google_maps_key" />
54-->src\main\AndroidManifest.xml:37:13-52
55
56        <activity
56-->src\main\AndroidManifest.xml:39:9-41:52
57            android:name="com.network.fiesta.TicketBuyActivity"
57-->src\main\AndroidManifest.xml:40:13-46
58            android:screenOrientation="portrait" />
58-->src\main\AndroidManifest.xml:41:13-49
59        <activity
59-->src\main\AndroidManifest.xml:42:9-44:52
60            android:name="com.network.fiesta.CreateDetailActivity"
60-->src\main\AndroidManifest.xml:43:13-49
61            android:screenOrientation="portrait" />
61-->src\main\AndroidManifest.xml:44:13-49
62        <activity
62-->src\main\AndroidManifest.xml:45:9-47:52
63            android:name="com.network.fiesta.CreateActActivity"
63-->src\main\AndroidManifest.xml:46:13-46
64            android:screenOrientation="portrait" />
64-->src\main\AndroidManifest.xml:47:13-49
65        <activity
65-->src\main\AndroidManifest.xml:48:9-50:52
66            android:name="com.network.fiesta.SideMenuTicket"
66-->src\main\AndroidManifest.xml:49:13-43
67            android:screenOrientation="portrait" />
67-->src\main\AndroidManifest.xml:50:13-49
68        <activity
68-->src\main\AndroidManifest.xml:51:9-53:52
69            android:name="com.network.fiesta.SideMenuSetting"
69-->src\main\AndroidManifest.xml:52:13-44
70            android:screenOrientation="portrait" />
70-->src\main\AndroidManifest.xml:53:13-49
71        <activity
71-->src\main\AndroidManifest.xml:54:9-56:52
72            android:name="com.network.fiesta.SideMenuPersonal"
72-->src\main\AndroidManifest.xml:55:13-45
73            android:screenOrientation="portrait" />
73-->src\main\AndroidManifest.xml:56:13-49
74        <activity
74-->src\main\AndroidManifest.xml:57:9-59:52
75            android:name="com.network.fiesta.EditTicketSellActivity"
75-->src\main\AndroidManifest.xml:58:13-51
76            android:screenOrientation="portrait" />
76-->src\main\AndroidManifest.xml:59:13-49
77        <activity
77-->src\main\AndroidManifest.xml:60:9-62:52
78            android:name="com.network.fiesta.EditTicketFeedbackDetailActivity"
78-->src\main\AndroidManifest.xml:61:13-61
79            android:screenOrientation="portrait" />
79-->src\main\AndroidManifest.xml:62:13-49
80        <activity
80-->src\main\AndroidManifest.xml:63:9-65:52
81            android:name="com.network.fiesta.SettingPrivacyActivity"
81-->src\main\AndroidManifest.xml:64:13-51
82            android:screenOrientation="portrait" />
82-->src\main\AndroidManifest.xml:65:13-49
83        <activity
83-->src\main\AndroidManifest.xml:66:9-68:52
84            android:name="com.network.fiesta.SettingCopyrightActivity"
84-->src\main\AndroidManifest.xml:67:13-53
85            android:screenOrientation="portrait" />
85-->src\main\AndroidManifest.xml:68:13-49
86        <activity
86-->src\main\AndroidManifest.xml:69:9-71:52
87            android:name="com.network.fiesta.LoginForgetActivity"
87-->src\main\AndroidManifest.xml:70:13-48
88            android:screenOrientation="portrait" />
88-->src\main\AndroidManifest.xml:71:13-49
89        <activity
89-->src\main\AndroidManifest.xml:72:9-74:52
90            android:name="com.network.fiesta.TicketDetailActivity"
90-->src\main\AndroidManifest.xml:73:13-49
91            android:screenOrientation="portrait" />
91-->src\main\AndroidManifest.xml:74:13-49
92        <activity
92-->src\main\AndroidManifest.xml:75:9-77:52
93            android:name="com.network.fiesta.TicketFeedBack"
93-->src\main\AndroidManifest.xml:76:13-43
94            android:screenOrientation="portrait" />
94-->src\main\AndroidManifest.xml:77:13-49
95        <activity
95-->src\main\AndroidManifest.xml:78:9-80:52
96            android:name="com.network.fiesta.EditTicketFeedbackActivity"
96-->src\main\AndroidManifest.xml:79:13-55
97            android:screenOrientation="portrait" />
97-->src\main\AndroidManifest.xml:80:13-49
98        <activity
98-->src\main\AndroidManifest.xml:81:9-83:52
99            android:name="com.network.fiesta.EditTicketStatusActivity"
99-->src\main\AndroidManifest.xml:82:13-53
100            android:screenOrientation="portrait" />
100-->src\main\AndroidManifest.xml:83:13-49
101        <activity
101-->src\main\AndroidManifest.xml:84:9-86:52
102            android:name="com.network.fiesta.EditLottteActivity"
102-->src\main\AndroidManifest.xml:85:13-47
103            android:screenOrientation="portrait" />
103-->src\main\AndroidManifest.xml:86:13-49
104        <activity
104-->src\main\AndroidManifest.xml:87:9-89:52
105            android:name="com.network.fiesta.GroupActivity"
105-->src\main\AndroidManifest.xml:88:13-42
106            android:screenOrientation="portrait" />
106-->src\main\AndroidManifest.xml:89:13-49
107        <activity
107-->src\main\AndroidManifest.xml:90:9-92:52
108            android:name="com.network.fiesta.SideMenuGroup"
108-->src\main\AndroidManifest.xml:91:13-42
109            android:screenOrientation="portrait" />
109-->src\main\AndroidManifest.xml:92:13-49
110        <activity
110-->src\main\AndroidManifest.xml:93:9-95:52
111            android:name="com.network.fiesta.EditTicketQRCodeActivity"
111-->src\main\AndroidManifest.xml:94:13-53
112            android:screenOrientation="portrait" />
112-->src\main\AndroidManifest.xml:95:13-49
113        <activity
113-->src\main\AndroidManifest.xml:96:9-98:52
114            android:name="com.network.fiesta.EditTicketActivity"
114-->src\main\AndroidManifest.xml:97:13-47
115            android:screenOrientation="portrait" />
115-->src\main\AndroidManifest.xml:98:13-49
116        <activity
116-->src\main\AndroidManifest.xml:99:9-101:52
117            android:name="com.network.fiesta.TicketBuyOldActivity"
117-->src\main\AndroidManifest.xml:100:13-49
118            android:screenOrientation="portrait" />
118-->src\main\AndroidManifest.xml:101:13-49
119        <activity
119-->src\main\AndroidManifest.xml:102:9-104:52
120            android:name="com.network.fiesta.EditMapActivity"
120-->src\main\AndroidManifest.xml:103:13-44
121            android:screenOrientation="portrait" />
121-->src\main\AndroidManifest.xml:104:13-49
122        <activity
122-->src\main\AndroidManifest.xml:105:9-107:52
123            android:name="com.network.fiesta.EditAdvanceTimeActivity"
123-->src\main\AndroidManifest.xml:106:13-52
124            android:screenOrientation="portrait" />
124-->src\main\AndroidManifest.xml:107:13-49
125        <activity
125-->src\main\AndroidManifest.xml:108:9-110:52
126            android:name="com.network.fiesta.EditAdvancePriceActivity"
126-->src\main\AndroidManifest.xml:109:13-53
127            android:screenOrientation="portrait" />
127-->src\main\AndroidManifest.xml:110:13-49
128        <activity
128-->src\main\AndroidManifest.xml:111:9-113:52
129            android:name="com.network.fiesta.EditActivity"
129-->src\main\AndroidManifest.xml:112:13-41
130            android:screenOrientation="portrait" />
130-->src\main\AndroidManifest.xml:113:13-49
131        <activity
131-->src\main\AndroidManifest.xml:114:9-116:52
132            android:name="com.network.fiesta.SideMenuEdit"
132-->src\main\AndroidManifest.xml:115:13-41
133            android:screenOrientation="portrait" />
133-->src\main\AndroidManifest.xml:116:13-49
134        <activity
134-->src\main\AndroidManifest.xml:117:9-119:52
135            android:name="com.network.fiesta.SearchActivity"
135-->src\main\AndroidManifest.xml:118:13-43
136            android:screenOrientation="portrait" />
136-->src\main\AndroidManifest.xml:119:13-49
137        <activity
137-->src\main\AndroidManifest.xml:120:9-122:52
138            android:name="com.network.fiesta.TagActivity"
138-->src\main\AndroidManifest.xml:121:13-40
139            android:screenOrientation="portrait" />
139-->src\main\AndroidManifest.xml:122:13-49
140        <activity
140-->src\main\AndroidManifest.xml:123:9-125:52
141            android:name="com.network.fiesta.SideMenuCreate"
141-->src\main\AndroidManifest.xml:124:13-43
142            android:screenOrientation="portrait" />
142-->src\main\AndroidManifest.xml:125:13-49
143        <activity
143-->src\main\AndroidManifest.xml:126:9-128:52
144            android:name="com.network.fiesta.RemindActivity"
144-->src\main\AndroidManifest.xml:127:13-43
145            android:screenOrientation="portrait" />
145-->src\main\AndroidManifest.xml:128:13-49
146        <activity
146-->src\main\AndroidManifest.xml:129:9-131:52
147            android:name="com.network.fiesta.CreateLocationActivity"
147-->src\main\AndroidManifest.xml:130:13-51
148            android:screenOrientation="portrait" />
148-->src\main\AndroidManifest.xml:131:13-49
149        <activity
149-->src\main\AndroidManifest.xml:132:9-134:52
150            android:name="com.network.fiesta.LoginTagActivity"
150-->src\main\AndroidManifest.xml:133:13-45
151            android:screenOrientation="portrait" />
151-->src\main\AndroidManifest.xml:134:13-49
152        <activity
152-->src\main\AndroidManifest.xml:135:9-137:52
153            android:name="com.network.fiesta.SingUpActivity"
153-->src\main\AndroidManifest.xml:136:13-43
154            android:screenOrientation="portrait" />
154-->src\main\AndroidManifest.xml:137:13-49
155        <activity
155-->src\main\AndroidManifest.xml:138:9-140:52
156            android:name="com.network.fiesta.LoginActivity"
156-->src\main\AndroidManifest.xml:139:13-42
157            android:screenOrientation="portrait" />
157-->src\main\AndroidManifest.xml:140:13-49
158        <activity
158-->src\main\AndroidManifest.xml:141:9-143:52
159            android:name="com.network.fiesta.CreateTagActivity"
159-->src\main\AndroidManifest.xml:142:13-46
160            android:screenOrientation="portrait" />
160-->src\main\AndroidManifest.xml:143:13-49
161        <activity
161-->src\main\AndroidManifest.xml:144:9-146:52
162            android:name="com.network.fiesta.MenuActivity"
162-->src\main\AndroidManifest.xml:145:13-41
163            android:screenOrientation="portrait" />
163-->src\main\AndroidManifest.xml:146:13-49
164        <activity
164-->src\main\AndroidManifest.xml:147:9-149:52
165            android:name="com.network.fiesta.SingUpEmailActivity"
165-->src\main\AndroidManifest.xml:148:13-48
166            android:screenOrientation="portrait" />
166-->src\main\AndroidManifest.xml:149:13-49
167        <activity
167-->src\main\AndroidManifest.xml:150:9-152:52
168            android:name="com.network.fiesta.SideMenuPersonalinformationEditActivity"
168-->src\main\AndroidManifest.xml:151:13-68
169            android:screenOrientation="portrait" />
169-->src\main\AndroidManifest.xml:152:13-49
170        <activity
170-->src\main\AndroidManifest.xml:153:9-161:20
171            android:name="com.network.fiesta.LoadingActivity"
171-->src\main\AndroidManifest.xml:154:13-44
172            android:screenOrientation="portrait" >
172-->src\main\AndroidManifest.xml:155:13-49
173            <intent-filter>
173-->src\main\AndroidManifest.xml:156:13-160:29
174                <action android:name="com.google.firebase.MESSAGING_EVENT" />
174-->src\main\AndroidManifest.xml:157:17-78
174-->src\main\AndroidManifest.xml:157:25-75
175                <action android:name="android.intent.action.MAIN" />
175-->src\main\AndroidManifest.xml:158:17-69
175-->src\main\AndroidManifest.xml:158:25-66
176
177                <category android:name="android.intent.category.LAUNCHER" />
177-->src\main\AndroidManifest.xml:159:17-77
177-->src\main\AndroidManifest.xml:159:27-74
178            </intent-filter>
179        </activity>
180        <activity
180-->[com.google.android.libraries.places:places:2.4.0] AndroidManifest.xml:14:9-20:20
181            android:name="com.google.android.libraries.places.widget.AutocompleteActivity"
181-->[com.google.android.libraries.places:places:2.4.0] AndroidManifest.xml:15:13-91
182            android:exported="false"
182-->[com.google.android.libraries.places:places:2.4.0] AndroidManifest.xml:16:13-37
183            android:label="@string/places_autocomplete_label"
183-->[com.google.android.libraries.places:places:2.4.0] AndroidManifest.xml:17:13-62
184            android:theme="@style/PlacesAutocompleteOverlay"
184-->[com.google.android.libraries.places:places:2.4.0] AndroidManifest.xml:18:13-61
185            android:windowSoftInputMode="adjustResize" >
185-->[com.google.android.libraries.places:places:2.4.0] AndroidManifest.xml:19:13-55
186        </activity> <!-- Needs to be explicitly declared on P+ -->
187        <uses-library
187-->[com.google.android.gms:play-services-maps:17.0.0] AndroidManifest.xml:33:9-35:40
188            android:name="org.apache.http.legacy"
188-->[com.google.android.gms:play-services-maps:17.0.0] AndroidManifest.xml:34:13-50
189            android:required="false" />
189-->[com.google.android.gms:play-services-maps:17.0.0] AndroidManifest.xml:35:13-37
190        <!--
191             FirebaseMessagingService performs security checks at runtime,
192             but set to not exported to explicitly avoid allowing another app to call it.
193        -->
194        <service
194-->[com.google.firebase:firebase-messaging:21.0.0] AndroidManifest.xml:28:9-35:19
195            android:name="com.google.firebase.messaging.FirebaseMessagingService"
195-->[com.google.firebase:firebase-messaging:21.0.0] AndroidManifest.xml:29:13-82
196            android:directBootAware="true"
196-->[com.google.firebase:firebase-messaging:21.0.0] AndroidManifest.xml:30:13-43
197            android:exported="false" >
197-->[com.google.firebase:firebase-messaging:21.0.0] AndroidManifest.xml:31:13-37
198            <intent-filter android:priority="-500" >
198-->[com.google.firebase:firebase-messaging:21.0.0] AndroidManifest.xml:32:13-34:29
198-->[com.google.firebase:firebase-messaging:21.0.0] AndroidManifest.xml:32:28-51
199                <action android:name="com.google.firebase.MESSAGING_EVENT" />
199-->src\main\AndroidManifest.xml:157:17-78
199-->src\main\AndroidManifest.xml:157:25-75
200            </intent-filter>
201        </service>
202        <service
202-->[com.google.firebase:firebase-messaging:21.0.0] AndroidManifest.xml:36:9-42:19
203            android:name="com.google.firebase.components.ComponentDiscoveryService"
203-->[com.google.firebase:firebase-messaging:21.0.0] AndroidManifest.xml:37:13-84
204            android:directBootAware="true"
204-->[com.google.firebase:firebase-common:19.3.0] AndroidManifest.xml:34:13-43
205            android:exported="false" >
205-->[com.google.firebase:firebase-messaging:21.0.0] AndroidManifest.xml:38:13-37
206            <meta-data
206-->[com.google.firebase:firebase-messaging:21.0.0] AndroidManifest.xml:39:13-41:85
207                android:name="com.google.firebase.components:com.google.firebase.messaging.FirebaseMessagingRegistrar"
207-->[com.google.firebase:firebase-messaging:21.0.0] AndroidManifest.xml:40:17-119
208                android:value="com.google.firebase.components.ComponentRegistrar" />
208-->[com.google.firebase:firebase-messaging:21.0.0] AndroidManifest.xml:41:17-82
209            <meta-data
209-->[com.google.android.gms:play-services-measurement-api:17.4.0] AndroidManifest.xml:30:13-32:85
210                android:name="com.google.firebase.components:com.google.firebase.analytics.connector.internal.AnalyticsConnectorRegistrar"
210-->[com.google.android.gms:play-services-measurement-api:17.4.0] AndroidManifest.xml:31:17-139
211                android:value="com.google.firebase.components.ComponentRegistrar" />
211-->[com.google.android.gms:play-services-measurement-api:17.4.0] AndroidManifest.xml:32:17-82
212            <meta-data
212-->[com.google.firebase:firebase-iid:21.0.0] AndroidManifest.xml:32:13-34:85
213                android:name="com.google.firebase.components:com.google.firebase.iid.Registrar"
213-->[com.google.firebase:firebase-iid:21.0.0] AndroidManifest.xml:33:17-96
214                android:value="com.google.firebase.components.ComponentRegistrar" />
214-->[com.google.firebase:firebase-iid:21.0.0] AndroidManifest.xml:34:17-82
215            <meta-data
215-->[com.google.firebase:firebase-datatransport:17.0.3] AndroidManifest.xml:28:13-30:85
216                android:name="com.google.firebase.components:com.google.firebase.datatransport.TransportRegistrar"
216-->[com.google.firebase:firebase-datatransport:17.0.3] AndroidManifest.xml:29:17-115
217                android:value="com.google.firebase.components.ComponentRegistrar" />
217-->[com.google.firebase:firebase-datatransport:17.0.3] AndroidManifest.xml:30:17-82
218            <meta-data
218-->[com.google.firebase:firebase-installations:16.3.3] AndroidManifest.xml:17:13-19:85
219                android:name="com.google.firebase.components:com.google.firebase.installations.FirebaseInstallationsRegistrar"
219-->[com.google.firebase:firebase-installations:16.3.3] AndroidManifest.xml:18:17-127
220                android:value="com.google.firebase.components.ComponentRegistrar" />
220-->[com.google.firebase:firebase-installations:16.3.3] AndroidManifest.xml:19:17-82
221        </service>
222
223        <receiver
223-->[com.google.android.gms:play-services-measurement:17.4.0] AndroidManifest.xml:29:9-33:20
224            android:name="com.google.android.gms.measurement.AppMeasurementReceiver"
224-->[com.google.android.gms:play-services-measurement:17.4.0] AndroidManifest.xml:30:13-85
225            android:enabled="true"
225-->[com.google.android.gms:play-services-measurement:17.4.0] AndroidManifest.xml:31:13-35
226            android:exported="false" >
226-->[com.google.android.gms:play-services-measurement:17.4.0] AndroidManifest.xml:32:13-37
227        </receiver>
228
229        <service
229-->[com.google.android.gms:play-services-measurement:17.4.0] AndroidManifest.xml:35:9-38:40
230            android:name="com.google.android.gms.measurement.AppMeasurementService"
230-->[com.google.android.gms:play-services-measurement:17.4.0] AndroidManifest.xml:36:13-84
231            android:enabled="true"
231-->[com.google.android.gms:play-services-measurement:17.4.0] AndroidManifest.xml:37:13-35
232            android:exported="false" />
232-->[com.google.android.gms:play-services-measurement:17.4.0] AndroidManifest.xml:38:13-37
233        <service
233-->[com.google.android.gms:play-services-measurement:17.4.0] AndroidManifest.xml:39:9-43:72
234            android:name="com.google.android.gms.measurement.AppMeasurementJobService"
234-->[com.google.android.gms:play-services-measurement:17.4.0] AndroidManifest.xml:40:13-87
235            android:enabled="true"
235-->[com.google.android.gms:play-services-measurement:17.4.0] AndroidManifest.xml:41:13-35
236            android:exported="false"
236-->[com.google.android.gms:play-services-measurement:17.4.0] AndroidManifest.xml:42:13-37
237            android:permission="android.permission.BIND_JOB_SERVICE" />
237-->[com.google.android.gms:play-services-measurement:17.4.0] AndroidManifest.xml:43:13-69
238
239        <receiver
239-->[com.google.firebase:firebase-iid:21.0.0] AndroidManifest.xml:37:9-44:20
240            android:name="com.google.firebase.iid.FirebaseInstanceIdReceiver"
240-->[com.google.firebase:firebase-iid:21.0.0] AndroidManifest.xml:38:13-78
241            android:exported="true"
241-->[com.google.firebase:firebase-iid:21.0.0] AndroidManifest.xml:39:13-36
242            android:permission="com.google.android.c2dm.permission.SEND" >
242-->[com.google.firebase:firebase-iid:21.0.0] AndroidManifest.xml:40:13-73
243            <intent-filter>
243-->[com.google.firebase:firebase-iid:21.0.0] AndroidManifest.xml:41:13-43:29
244                <action android:name="com.google.android.c2dm.intent.RECEIVE" />
244-->[com.google.firebase:firebase-iid:21.0.0] AndroidManifest.xml:42:17-81
244-->[com.google.firebase:firebase-iid:21.0.0] AndroidManifest.xml:42:25-78
245            </intent-filter>
246        </receiver>
247
248        <activity
248-->[com.google.android.gms:play-services-base:17.2.1] AndroidManifest.xml:23:9-26:75
249            android:name="com.google.android.gms.common.api.GoogleApiActivity"
249-->[com.google.android.gms:play-services-base:17.2.1] AndroidManifest.xml:24:13-79
250            android:exported="false"
250-->[com.google.android.gms:play-services-base:17.2.1] AndroidManifest.xml:25:13-37
251            android:theme="@android:style/Theme.Translucent.NoTitleBar" />
251-->[com.google.android.gms:play-services-base:17.2.1] AndroidManifest.xml:26:13-72
252
253        <provider
253-->[com.google.firebase:firebase-common:19.3.0] AndroidManifest.xml:26:9-30:39
254            android:name="com.google.firebase.provider.FirebaseInitProvider"
254-->[com.google.firebase:firebase-common:19.3.0] AndroidManifest.xml:27:13-77
255            android:authorities="com.network.fiesta.firebaseinitprovider"
255-->[com.google.firebase:firebase-common:19.3.0] AndroidManifest.xml:28:13-72
256            android:exported="false"
256-->[com.google.firebase:firebase-common:19.3.0] AndroidManifest.xml:29:13-37
257            android:initOrder="100" />
257-->[com.google.firebase:firebase-common:19.3.0] AndroidManifest.xml:30:13-36
258
259        <meta-data
259-->[com.google.android.gms:play-services-basement:17.2.1] AndroidManifest.xml:23:9-25:69
260            android:name="com.google.android.gms.version"
260-->[com.google.android.gms:play-services-basement:17.2.1] AndroidManifest.xml:24:13-58
261            android:value="@integer/google_play_services_version" />
261-->[com.google.android.gms:play-services-basement:17.2.1] AndroidManifest.xml:25:13-66
262
263        <provider
263-->[androidx.lifecycle:lifecycle-process:2.2.0] AndroidManifest.xml:25:9-29:43
264            android:name="androidx.lifecycle.ProcessLifecycleOwnerInitializer"
264-->[androidx.lifecycle:lifecycle-process:2.2.0] AndroidManifest.xml:26:13-79
265            android:authorities="com.network.fiesta.lifecycle-process"
265-->[androidx.lifecycle:lifecycle-process:2.2.0] AndroidManifest.xml:27:13-69
266            android:exported="false"
266-->[androidx.lifecycle:lifecycle-process:2.2.0] AndroidManifest.xml:28:13-37
267            android:multiprocess="true" />
267-->[androidx.lifecycle:lifecycle-process:2.2.0] AndroidManifest.xml:29:13-40
268
269        <service
269-->[com.google.android.datatransport:transport-backend-cct:2.3.0] AndroidManifest.xml:29:9-35:19
270            android:name="com.google.android.datatransport.runtime.backends.TransportBackendDiscovery"
270-->[com.google.android.datatransport:transport-backend-cct:2.3.0] AndroidManifest.xml:30:13-103
271            android:exported="false" >
271-->[com.google.android.datatransport:transport-backend-cct:2.3.0] AndroidManifest.xml:31:13-37
272            <meta-data
272-->[com.google.android.datatransport:transport-backend-cct:2.3.0] AndroidManifest.xml:32:13-34:39
273                android:name="backend:com.google.android.datatransport.cct.CctBackendFactory"
273-->[com.google.android.datatransport:transport-backend-cct:2.3.0] AndroidManifest.xml:33:17-94
274                android:value="cct" />
274-->[com.google.android.datatransport:transport-backend-cct:2.3.0] AndroidManifest.xml:34:17-36
275        </service>
276        <service
276-->[com.google.android.datatransport:transport-runtime:2.2.3] AndroidManifest.xml:26:9-30:19
277            android:name="com.google.android.datatransport.runtime.scheduling.jobscheduling.JobInfoSchedulerService"
277-->[com.google.android.datatransport:transport-runtime:2.2.3] AndroidManifest.xml:27:13-117
278            android:exported="false"
278-->[com.google.android.datatransport:transport-runtime:2.2.3] AndroidManifest.xml:28:13-37
279            android:permission="android.permission.BIND_JOB_SERVICE" >
279-->[com.google.android.datatransport:transport-runtime:2.2.3] AndroidManifest.xml:29:13-69
280        </service>
281
282        <receiver
282-->[com.google.android.datatransport:transport-runtime:2.2.3] AndroidManifest.xml:32:9-34:40
283            android:name="com.google.android.datatransport.runtime.scheduling.jobscheduling.AlarmManagerSchedulerBroadcastReceiver"
283-->[com.google.android.datatransport:transport-runtime:2.2.3] AndroidManifest.xml:33:13-132
284            android:exported="false" />
284-->[com.google.android.datatransport:transport-runtime:2.2.3] AndroidManifest.xml:34:13-37
285    </application>
286
287</manifest>